<?xml version="1.0" encoding="UTF-8"?>
<testng-results skipped="0" failed="0" ignored="0" total="3" passed="3">
  <reporter-output>
  </reporter-output>
  <suite name="Default suite" duration-ms="55853" started-at="2019-08-27T04:15:38Z" finished-at="2019-08-27T04:16:34Z">
    <groups>
    </groups>
    <test name="Default test" duration-ms="55853" started-at="2019-08-27T04:15:38Z" finished-at="2019-08-27T04:16:34Z">
      <class name="com.training.sanity.tests.LoginTests">
        <test-method status="PASS" signature="setUpBeforeClass()[pri:0, instance:com.training.sanity.tests.LoginTests@3e6fa38a]" name="setUpBeforeClass" is-config="true" duration-ms="20" started-at="2019-08-27T04:15:38Z" finished-at="2019-08-27T04:15:38Z">
          <reporter-output>
          </reporter-output>
        </test-method> <!-- setUpBeforeClass -->
        <test-method status="PASS" signature="setUp()[pri:0, instance:com.training.sanity.tests.LoginTests@3e6fa38a]" name="setUp" is-config="true" duration-ms="18298" started-at="2019-08-27T04:15:38Z" finished-at="2019-08-27T04:15:56Z">
          <reporter-output>
          </reporter-output>
        </test-method> <!-- setUp -->
        <test-method status="PASS" signature="validLoginTest()[pri:1, instance:com.training.sanity.tests.LoginTests@3e6fa38a]" name="validLoginTest" duration-ms="6082" started-at="2019-08-27T04:15:56Z" finished-at="2019-08-27T04:16:03Z">
          <reporter-output>
          </reporter-output>
        </test-method> <!-- validLoginTest -->
        <test-method status="PASS" signature="tearDown()[pri:0, instance:com.training.sanity.tests.LoginTests@3e6fa38a]" name="tearDown" is-config="true" duration-ms="1759" started-at="2019-08-27T04:16:03Z" finished-at="2019-08-27T04:16:04Z">
          <reporter-output>
          </reporter-output>
        </test-method> <!-- tearDown -->
        <test-method status="PASS" signature="setUp()[pri:0, instance:com.training.sanity.tests.LoginTests@3e6fa38a]" name="setUp" is-config="true" duration-ms="5013" started-at="2019-08-27T04:16:04Z" finished-at="2019-08-27T04:16:09Z">
          <reporter-output>
          </reporter-output>
        </test-method> <!-- setUp -->
        <test-method status="PASS" signature="validLoginTest2()[pri:2, instance:com.training.sanity.tests.LoginTests@3e6fa38a]" name="validLoginTest2" duration-ms="10024" started-at="2019-08-27T04:16:09Z" finished-at="2019-08-27T04:16:19Z">
          <reporter-output>
          </reporter-output>
        </test-method> <!-- validLoginTest2 -->
        <test-method status="PASS" signature="tearDown()[pri:0, instance:com.training.sanity.tests.LoginTests@3e6fa38a]" name="tearDown" is-config="true" duration-ms="1755" started-at="2019-08-27T04:16:19Z" finished-at="2019-08-27T04:16:21Z">
          <reporter-output>
          </reporter-output>
        </test-method> <!-- tearDown -->
        <test-method status="PASS" signature="setUp()[pri:0, instance:com.training.sanity.tests.LoginTests@3e6fa38a]" name="setUp" is-config="true" duration-ms="4872" started-at="2019-08-27T04:16:21Z" finished-at="2019-08-27T04:16:26Z">
          <reporter-output>
          </reporter-output>
        </test-method> <!-- setUp -->
        <test-method status="PASS" signature="validLoginTest3()[pri:3, instance:com.training.sanity.tests.LoginTests@3e6fa38a]" name="validLoginTest3" duration-ms="6232" started-at="2019-08-27T04:16:26Z" finished-at="2019-08-27T04:16:32Z">
          <reporter-output>
          </reporter-output>
        </test-method> <!-- validLoginTest3 -->
        <test-method status="PASS" signature="tearDown()[pri:0, instance:com.training.sanity.tests.LoginTests@3e6fa38a]" name="tearDown" is-config="true" duration-ms="1764" started-at="2019-08-27T04:16:32Z" finished-at="2019-08-27T04:16:34Z">
          <reporter-output>
          </reporter-output>
        </test-method> <!-- tearDown -->
      </class> <!-- com.training.sanity.tests.LoginTests -->
    </test> <!-- Default test -->
  </suite> <!-- Default suite -->
</testng-results>
