<?xml version="1.0" encoding="UTF-8"?>
<!-- Generated by org.testng.reporters.JUnitXMLReporter -->
<testsuite hostname="DESKTOP-CQKTD5B" ignored="0" name="Default test" tests="3" failures="0" timestamp="27 Aug 2019 04:16:34 GMT" time="55.853" errors="0">
  <testcase name="validLoginTest" time="6.082" classname="com.training.sanity.tests.LoginTests"/>
  <testcase name="validLoginTest2" time="10.024" classname="com.training.sanity.tests.LoginTests"/>
  <testcase name="validLoginTest3" time="6.232" classname="com.training.sanity.tests.LoginTests"/>
</testsuite> <!-- Default test -->
